Arguments: 
  /home/user-001/.nvm/versions/node/v18.3.0/bin/node /home/user-001/.yarn/bin/yarn.js install --prefer-offline

PATH: 
  /home/user-001/.yarn/bin:/home/user-001/.config/yarn/global/node_modules/.bin:/home/user-001/.yarn/bin:/home/user-001/.config/yarn/global/node_modules/.bin:/home/user-001/.nvm/versions/node/v18.3.0/bin:/home/user-001/.local/bin:/usr/local/sbin:/usr/local/bin:/usr/sbin:/usr/bin:/sbin:/bin:/usr/games:/usr/local/games:/snap/bin:/snap/bin:/usr/local/go/bin:/usr/local/go/bin:/opt/mssql-tools/bin:/opt/mssql-tools/bin:~/.dotnet/tools/:~/github/.cli/gh_2.10.1_linux_amd64/bin:/opt/mssql-tools/bin:~/.dotnet/tools/:~/github/.cli/gh_2.10.1_linux_amd64/bin

Yarn version: 
  1.22.19

Node version: 
  18.3.0

Platform: 
  linux x64

Trace: 
  Invariant Violation: There should only be one folder in a package cache (got  in /home/user-001/.cache/yarn/v6/npm-@webelieve-it-bsafe-ui-lib-0.1.441-8d7db9ec3518a8195ff55c1b1c518d1883c81f5b-integrity/node_modules/@webelieve-it)
      at invariant (/home/user-001/.yarn/lib/cli.js:2318:15)
      at /home/user-001/.yarn/lib/cli.js:59851:11
      at Generator.next (<anonymous>)
      at step (/home/user-001/.yarn/lib/cli.js:310:30)
      at /home/user-001/.yarn/lib/cli.js:321:13

npm manifest: 
  {
    "name": "tiny-town-shop-api",
    "version": "1.0.0",
    "description": "Tiny Town Shop API",
    "author": "cbana",
    "license": "DAGA",
    "main": "./build/index.js",
    "scripts": {
      "test": "echo \"Error: no test specified\" && exit 1",
      "build": "npx tsc --outDir ./build/ --project ./",
      "serve": "npx tsc --outDir ./build/ --project ./ && node ./build/index.js"
    },
    "keywords": [
      "expressjs",
      "shop"
    ],
    "dependencies": {
      "bcrypt": "^5.0.1",
      "body-parser": "^1.20.0",
      "dotenv": "^16.0.1",
      "express": "^4.18.1",
      "http": "^0.0.1-security",
      "jsonwebtoken": "^8.5.1",
      "mysql": "^2.18.1"
    },
    "devDependencies": {
      "@types/bcrypt": "^5.0.0",
      "@types/express": "^4.17.13",
      "@types/mysql": "^2.15.21",
      "@types/node": "^18.7.6",
      "typescript": "^4.7.4"
    }
  }

yarn manifest: 
  No manifest

Lockfile: 
  No lockfile
